Построение начато 14.10.2013 14:52:55.
     1>Проект "D:\Моё\C++210413\RPNCore\RPNCore\RPNCore.vcxproj" в узле 2 (целевые объекты build).
     1>InitializeBuildStatus:
         Создание "Debug\RPNCore.unsuccessfulbuild", так как было задано "AlwaysCreate".
       ClCompile:
         Для всех выходных данных обновления не требуется.
         C:\Program Files\Microsoft Visual Studio 10.0\VC\bin\CL.exe /c /ZI /nologo /W3 /WX- /Od /Oy- /D WIN32 /D _DEBUG /D _CONSOLE /D _UNICODE /D UNICODE /Gm /EHsc /RTC1 /MDd /GS /fp:precise /Zc:wchar_t /Zc:forScope /Yu"StdAfx.h" /Fp"Debug\RPNCore.pch" /Fo"Debug\\" /Fd"Debug\vc100.pdb" /Gd /TP /analyze- /errorReport:prompt RPNCore.cpp
         RPNCore.cpp
       ManifestResourceCompile:
         Для всех выходных данных обновления не требуется.
       Link:
         C:\Program Files\Microsoft Visual Studio 10.0\VC\bin\link.exe /ERRORREPORT:PROMPT /OUT:"D:\Моё\C++210413\RPNCore\Debug\RPNCore.exe" /INCREMENTAL /NOLOGO kernel32.lib user32.lib gdi32.lib winspool.lib comdlg32.lib advapi32.lib shell32.lib ole32.lib oleaut32.lib uuid.lib odbc32.lib odbccp32.lib /MANIFEST /ManifestFile:"Debug\RPNCore.exe.intermediate.manifest" /MANIFESTUAC:"level='asInvoker' uiAccess='false'" /DEBUG /PDB:"D:\Моё\C++210413\RPNCore\Debug\RPNCore.pdb" /SUBSYSTEM:CONSOLE /TLBID:1 /DYNAMICBASE /NXCOMPAT /IMPLIB:"D:\Моё\C++210413\RPNCore\Debug\RPNCore.lib" /MACHINE:X86 Debug\RPNCore.exe.embed.manifest.res
         Debug\RPNCore.obj
         Debug\stdafx.obj
       Manifest:
         C:\Program Files\Microsoft SDKs\Windows\v7.0A\bin\mt.exe /nologo /verbose /out:"Debug\RPNCore.exe.embed.manifest" /manifest Debug\RPNCore.exe.intermediate.manifest
         Для всех выходных данных обновления не требуется.
       LinkEmbedManifest:
         Для всех выходных данных обновления не требуется.
         RPNCore.vcxproj -> D:\Моё\C++210413\RPNCore\Debug\RPNCore.exe
       FinalizeBuildStatus:
         Файл "Debug\RPNCore.unsuccessfulbuild" удаляется.
         Обращение к "Debug\RPNCore.lastbuildstate".
     1>Построение проекта "D:\Моё\C++210413\RPNCore\RPNCore\RPNCore.vcxproj" завершено (целевые объекты build).

Построение успешно завершено.

Затраченное время: 00:00:04.36
